SF:C:\Users\yoruk\Desktop\cen310-midterm-yoruk-ihsan\src\tests\calculator\calculator_test.cpp
DA:10,0
DA:14,0
DA:8,0
DA:6,0
DA:19,0
DA:24,0
DA:29,0
DA:34,0
DA:39,0
DA:50,1
DA:1,0
end_of_record
SF:C:\Users\yoruk\Desktop\cen310-midterm-yoruk-ihsan\src\tests\utility\utility_test.cpp
DA:21,0
DA:23,0
DA:27,0
DA:19,0
DA:17,0
DA:34,0
DA:46,0
DA:56,0
DA:66,0
DA:76,0
DA:86,0
DA:96,0
DA:108,0
DA:127,1
DA:1,0
end_of_record
SF:C:\Users\yoruk\Desktop\cen310-midterm-yoruk-ihsan\[generated]
DA:1,0
end_of_record
SF:C:\Users\yoruk\Desktop\cen310-midterm-yoruk-ihsan\README.md
DA:1,0
end_of_record
