SF:C:\Users\yoruk\Desktop\cen310-midterm-yoruk-ihsan\src\calculator\header\calculator.h
DA:60,1
DA:76,1
DA:90,1
DA:105,1
DA:120,1
DA:44,1
DA:23,0
DA:25,0
DA:1,1
end_of_record
SF:C:\Users\yoruk\Desktop\cen310-midterm-yoruk-ihsan\src\utility\header\mathUtility.h
DA:33,1
DA:45,1
DA:59,1
DA:72,1
DA:20,1
DA:14,0
DA:1,1
end_of_record
SF:C:\Users\yoruk\Desktop\cen310-midterm-yoruk-ihsan\src\calculatorapp\src\calculatorapp.cpp
DA:37,1
DA:38,1
DA:39,1
DA:40,1
DA:41,1
DA:36,1
DA:55,1
DA:72,1
DA:97,1
DA:121,1
DA:150,1
DA:221,1
DA:1,1
end_of_record
SF:C:\Users\yoruk\Desktop\cen310-midterm-yoruk-ihsan\README.md
DA:1,0
end_of_record
SF:C:\Users\yoruk\Desktop\cen310-midterm-yoruk-ihsan\src\calculator\src\calculator.cpp
DA:1,1
end_of_record
SF:C:\Users\yoruk\Desktop\cen310-midterm-yoruk-ihsan\src\calculatorapp\header\calculatorapp.h
DA:1,1
end_of_record
SF:C:\Users\yoruk\Desktop\cen310-midterm-yoruk-ihsan\src\utility\header\commonTypes.h
DA:1,1
end_of_record
SF:C:\Users\yoruk\Desktop\cen310-midterm-yoruk-ihsan\src\utility\src\mathUtility.cpp
DA:1,1
end_of_record
