SF:C:\Users\yoruk\Desktop\cen310-midterm-yoruk-ihsan\src\calculator\header\calculator.h
DA:56,1
DA:71,1
DA:87,1
DA:101,1
DA:116,1
DA:124,1
DA:132,1
DA:140,1
DA:149,1
DA:42,1
DA:23,0
DA:24,0
DA:1,1
end_of_record
SF:C:\Users\yoruk\Desktop\cen310-midterm-yoruk-ihsan\src\utility\header\mathUtility.h
DA:33,1
DA:45,1
DA:59,1
DA:72,1
DA:20,1
DA:14,0
DA:1,1
end_of_record
SF:C:\Users\yoruk\Desktop\cen310-midterm-yoruk-ihsan\src\calculatorapp\src\calculatorapp.cpp
DA:41,1
DA:42,1
DA:43,1
DA:44,1
DA:45,1
DA:40,1
DA:28,0
DA:59,1
DA:76,1
DA:97,1
DA:117,1
DA:147,1
DA:221,1
DA:1,1
end_of_record
SF:C:\Users\yoruk\Desktop\cen310-midterm-yoruk-ihsan\README.md
DA:1,0
end_of_record
SF:C:\Users\yoruk\Desktop\cen310-midterm-yoruk-ihsan\src\calculator\src\calculator.cpp
DA:1,1
end_of_record
SF:C:\Users\yoruk\Desktop\cen310-midterm-yoruk-ihsan\src\calculatorapp\header\calculatorapp.h
DA:1,1
end_of_record
SF:C:\Users\yoruk\Desktop\cen310-midterm-yoruk-ihsan\src\utility\header\commonTypes.h
DA:1,1
end_of_record
SF:C:\Users\yoruk\Desktop\cen310-midterm-yoruk-ihsan\src\utility\src\mathUtility.cpp
DA:1,1
end_of_record
